<?xml version="1.0" encoding="UTF-8"?>
<testsuite name="ChatServiceTest" tests="12" skipped="0" failures="0" errors="0" timestamp="2022-04-26T20:23:49" hostname="DESKTOP-2CNH28R" time="0.032">
  <properties/>
  <testcase name="is_message_deleted" classname="ChatServiceTest" time="0.007"/>
  <testcase name="is_chat_and_all_corresponding_messages_deleted" classname="ChatServiceTest" time="0.0"/>
  <testcase name="is_get_chat_messages_fun_returns_the_right_range" classname="ChatServiceTest" time="0.019"/>
  <testcase name="is_user_added_to_list_with_the_right_id" classname="ChatServiceTest" time="0.001"/>
  <testcase name="is_unread_chat_count_right" classname="ChatServiceTest" time="0.001"/>
  <testcase name="is_chat_created" classname="ChatServiceTest" time="0.0"/>
  <testcase name="should_throw_chat_not_found_exception_in_fun_get_chat_messages" classname="ChatServiceTest" time="0.0"/>
  <testcase name="is_message_created_in_the_right_chat" classname="ChatServiceTest" time="0.0"/>
  <testcase name="are_messages_added_to_sent_messages_list_and_received_messages_list" classname="ChatServiceTest" time="0.0"/>
  <testcase name="should_throw_chat_not_found_exception_in_fun_delete_chat" classname="ChatServiceTest" time="0.0"/>
  <testcase name="should_throw_message_not_found_exception_in_fun_delete_message" classname="ChatServiceTest" time="0.0"/>
  <testcase name="is_chat_deleted_when_all_chat_messages_are_deleted" classname="ChatServiceTest" time="0.0"/>
  <system-out><![CDATA[Чат #1 Сергей - Валентина
Валентина: И тебе привет
Сергей: Как дела?
Чат #1 Сергей - Валентина
Сергей: Привет
Чат #2 Валентина - Марина
Валентина: Здравствуйте
Марина: Добрый день
]]></system-out>
  <system-err><![CDATA[]]></system-err>
</testsuite>
